<?xml version="1.0" encoding="UTF-8"?>
<!-- Generated by org.testng.reporters.JUnitReportReporter -->
<testsuite hostname="DESKTOP-32JIICF" failures="0" tests="5" name="extentReport.DemoWebShops" time="48.711" errors="0" timestamp="2024-07-31T12:22:29 IST" skipped="0">
  <testcase classname="extentReport.DemoWebShops" name="xlinks" time="6.460">
    <system-out>
      <![CDATA[xlinksis executed]]>
    </system-out>
  </testcase> <!-- xlinks -->
  <testcase classname="extentReport.DemoWebShops" name="gifts" time="0.019">
    <system-out>
      <![CDATA[giftsis executed]]>
    </system-out>
  </testcase> <!-- gifts -->
  <testcase classname="extentReport.DemoWebShops" name="twitter" time="12.847">
    <system-out>
      <![CDATA[twitteris executed]]>
    </system-out>
  </testcase> <!-- twitter -->
  <testcase classname="extentReport.DemoWebShops" name="facebook" time="16.372">
    <system-out>
      <![CDATA[facebookis executed]]>
    </system-out>
  </testcase> <!-- facebook -->
  <testcase classname="extentReport.DemoWebShops" name="digitalDownload" time="13.013">
    <system-out>
      <![CDATA[digitalDownloadis executed]]>
    </system-out>
  </testcase> <!-- digitalDownload -->
  <system-out>
    <![CDATA[digitalDownloadis executed
facebookis executed
giftsis executed
twitteris executed
xlinksis executed]]>
  </system-out>
</testsuite> <!-- extentReport.DemoWebShops -->
