<?xml version="1.0" encoding="UTF-8"?>
<!-- Generated by org.testng.reporters.JUnitReportReporter -->
<testsuite hostname="DESKTOP-32JIICF" failures="0" tests="1" name="pom.LoginFunction" time="14.621" errors="0" timestamp="2024-07-17T12:21:44 IST" skipped="0">
  <testcase classname="pom.LoginFunction" name="main" time="14.621"/>
</testsuite> <!-- pom.LoginFunction -->
