<?xml version="1.0" encoding="UTF-8"?>
<!-- Generated by org.testng.reporters.JUnitReportReporter -->
<testsuite hostname="DESKTOP-32JIICF" failures="0" tests="1" name="extentReport.SampleReport" time="1.043" errors="0" timestamp="2024-07-31T12:35:29 IST" skipped="0">
  <testcase classname="extentReport.SampleReport" name="besicReport" time="1.043"/>
</testsuite> <!-- extentReport.SampleReport -->
