<?xml version="1.0" encoding="UTF-8"?>
<!-- Generated by org.testng.reporters.JUnitReportReporter -->
<testsuite hostname="DESKTOP-32JIICF" failures="0" tests="1" name="testngMobile.Apple" time="7.173" errors="0" timestamp="2024-07-20T10:36:02 IST" skipped="0">
  <testcase classname="testngMobile.Apple" name="apple" time="7.173">
    <system-out>
      <![CDATA[onTestStart
onTestSuccess]]>
    </system-out>
  </testcase> <!-- apple -->
  <system-out>
    <![CDATA[onStart
onTestStart
onTestSuccess
onTestStart
onTestSuccess
onTestStart
onTestSuccess
onTestStart
onTestSuccess
onTestStart
onTestSuccess
onTestStart
onTestSuccess
onTestStart
onTestSuccess
onTestStart
onTestSuccess]]>
  </system-out>
</testsuite> <!-- testngMobile.Apple -->
