<?xml version="1.0" encoding="UTF-8"?>
<!-- Generated by org.testng.reporters.JUnitReportReporter -->
<testsuite hostname="DESKTOP-32JIICF" failures="0" tests="1" name="listeners1.NetworkFailure" time="6.868" errors="0" timestamp="2024-07-20T11:14:45 IST" skipped="0">
  <testcase classname="listeners1.NetworkFailure" name="executeOneMoreTime" time="6.868"/>
</testsuite> <!-- listeners1.NetworkFailure -->
