<?xml version="1.0" encoding="UTF-8"?>
<!-- Generated by org.testng.reporters.JUnitReportReporter -->
<testsuite hostname="DESKTOP-32JIICF" failures="0" tests="1" name="testNgBasic.ChronologicalAnnotation" time="0.031" errors="0" timestamp="2024-07-13T11:36:20 IST" skipped="0">
  <testcase classname="testNgBasic.ChronologicalAnnotation" name="testcase" time="0.031"/>
</testsuite> <!-- testNgBasic.ChronologicalAnnotation -->
