<?xml version="1.0" encoding="UTF-8"?>
<!-- Generated by org.testng.reporters.JUnitReportReporter -->
<testsuite hostname="DESKTOP-32JIICF" failures="0" tests="1" name="Assertion.HardAssert1" time="14.566" errors="0" timestamp="2024-07-16T13:46:25 IST" skipped="0">
  <testcase classname="Assertion.HardAssert1" name="main" time="14.566">
    <system-out>
      <![CDATA[i am in dws]]>
    </system-out>
  </testcase> <!-- main -->
  <system-out>
    <![CDATA[i am in dws]]>
  </system-out>
</testsuite> <!-- Assertion.HardAssert1 -->
