<?xml version="1.0" encoding="UTF-8"?>
<!-- Generated by org.testng.reporters.JUnitReportReporter -->
<testsuite hostname="DESKTOP-32JIICF" failures="0" tests="3" name="extentReport.ExecuteWithListners" time="21.428" errors="0" timestamp="2024-07-31T14:26:45 IST" skipped="0">
  <testcase classname="extentReport.ExecuteWithListners" name="dominos" time="4.359">
    <system-out>
      <![CDATA[dominosis executed]]>
    </system-out>
  </testcase> <!-- dominos -->
  <testcase classname="extentReport.ExecuteWithListners" name="rcb" time="9.942">
    <system-out>
      <![CDATA[rcbis executed]]>
    </system-out>
  </testcase> <!-- rcb -->
  <testcase classname="extentReport.ExecuteWithListners" name="csk" time="7.127">
    <system-out>
      <![CDATA[cskis executed]]>
    </system-out>
  </testcase> <!-- csk -->
  <system-out>
    <![CDATA[rcbis executed
dominosis executed
cskis executed]]>
  </system-out>
</testsuite> <!-- extentReport.ExecuteWithListners -->
