<?xml version="1.0" encoding="UTF-8"?>
<!-- Generated by org.testng.reporters.JUnitReportReporter -->
<testsuite hostname="DESKTOP-32JIICF" failures="0" tests="1" name="pom.RegisterFunction" time="19.910" errors="0" timestamp="2024-07-18T21:11:04 IST" skipped="0">
  <testcase classname="pom.RegisterFunction" name="main" time="19.910"/>
</testsuite> <!-- pom.RegisterFunction -->
